  main.cpp
d:\profiles\scb8528\documents\igm ggp\new examples\pong\pong sat\openglpongsat\main.cpp(179): warning C4018: '<': signed/unsigned mismatch
d:\profiles\scb8528\documents\igm ggp\new examples\pong\pong sat\openglpongsat\main.cpp(209): warning C4018: '<': signed/unsigned mismatch
d:\profiles\scb8528\documents\igm ggp\new examples\pong\pong sat\openglpongsat\main.cpp(231): warning C4018: '<': signed/unsigned mismatch
d:\profiles\scb8528\documents\igm ggp\new examples\pong\pong sat\openglpongsat\main.cpp(405): warning C4244: 'initializing': conversion from 'double' to 'float', possible loss of data
d:\profiles\scb8528\documents\igm ggp\new examples\pong\pong sat\openglpongsat\main.cpp(438): warning C4101: 'v': unreferenced local variable
d:\profiles\scb8528\documents\igm ggp\new examples\pong\pong sat\openglpongsat\main.cpp(59): warning C4715: 'MovePlayer': not all control paths return a value
LINK : warning LNK4098: defaultlib 'LIBCMT' conflicts with use of other libs; use /NODEFAULTLIB:library
LINK : warning LNK4098: defaultlib 'MSVCRT' conflicts with use of other libs; use /NODEFAULTLIB:library
Shader.obj : warning LNK4049: locally defined symbol ___glewCompileShader imported
Shader.obj : warning LNK4049: locally defined symbol ___glewCreateShader imported
Shader.obj : warning LNK4049: locally defined symbol ___glewDeleteShader imported
Shader.obj : warning LNK4049: locally defined symbol ___glewGetShaderInfoLog imported
Shader.obj : warning LNK4049: locally defined symbol ___glewGetShaderiv imported
Shader.obj : warning LNK4049: locally defined symbol ___glewShaderSource imported
ShaderProgram.obj : warning LNK4049: locally defined symbol ___glewAttachShader imported
ShaderProgram.obj : warning LNK4049: locally defined symbol ___glewCreateProgram imported
ShaderProgram.obj : warning LNK4049: locally defined symbol ___glewDeleteProgram imported
ShaderProgram.obj : warning LNK4049: locally defined symbol ___glewLinkProgram imported
ShaderProgram.obj : warning LNK4049: locally defined symbol ___glewUseProgram imported
glew32s.lib(glew.obj) : warning LNK4099: PDB 'vc120.pdb' was not found with 'glew32s.lib(glew.obj)' or at 'D:\Profiles\scb8528\Documents\IGM GGP\New Examples\Pong\Pong SAT\OpenGLPongSAT\Debug\vc120.pdb'; linking object as if no debug info
  OpenGLPongSAT.vcxproj -> D:\Profiles\scb8528\Documents\IGM GGP\New Examples\Pong\Pong SAT\OpenGLPongSAT\Debug\OpenGLPongSAT.exe
